
ProgramCounter : 0000000000000110  , or     6  or signed      6
Accumulator    : 0001001101001111  , or  4943  or signed   4943
InstructionReg : 1111111111000000  , or 65472  or signed    -64
TempInstr      : 1100000000000000  , or 49152  or signed -16384
StackPointer   : 0000001111111100  , or  1020  or signed   1020
ARegister      : 0001001101001111  , or  4943  or signed   4943
BRegister      : 0001001101001111  , or  4943  or signed   4943
CRegister      : 1110110010110001  , or 60593  or signed  -4943
DRegister      : 0000000000000000  , or     0  or signed      0
ERegister      : 0000000000000000  , or     0  or signed      0
FRegister      : 0000001111111111  , or  1023  or signed   1023

Total cycles   : 86

Type decimal address to view memory,  q  to quit or  c  to continue:      the location 1023 has value 1110101111100000 , or 60384  or signed  -5152
Type  <Enter>  to continue debugging
Type        q  to quit
Type        f for forward range
Type        b for backward range: Type the number of forward locations to dump:      the location 1024 has value 1111111111111111 , or 65535  or signed     -1
Type decimal address to view memory,  q  to quit or  c  to continue: 
The new PC is  : 0000000000000110


ProgramCounter : 0000000000001101  , or    13  or signed     13
Accumulator    : 0000000110110101  , or   437  or signed    437
InstructionReg : 1111111111000000  , or 65472  or signed    -64
TempInstr      : 1100000000000000  , or 49152  or signed -16384
StackPointer   : 0000001111111010  , or  1018  or signed   1018
ARegister      : 0000000110110101  , or   437  or signed    437
BRegister      : 0000000110110101  , or   437  or signed    437
CRegister      : 1111111001001011  , or 65099  or signed   -437
DRegister      : 0000000000000000  , or     0  or signed      0
ERegister      : 0000000000000000  , or     0  or signed      0
FRegister      : 0000001111111101  , or  1021  or signed   1021

Total cycles   : 183

Type decimal address to view memory,  q  to quit or  c  to continue:      the location 1023 has value 1110101111100000 , or 60384  or signed  -5152
Type  <Enter>  to continue debugging
Type        q  to quit
Type        f for forward range
Type        b for backward range: Type the number of forward locations to dump:      the location 1024 has value 1111111111111111 , or 65535  or signed     -1
Type decimal address to view memory,  q  to quit or  c  to continue: 
The new PC is  : 0000000000001101


ProgramCounter : 0000000000010100  , or    20  or signed     20
Accumulator    : 1101111111111001  , or 57337  or signed  -8199
InstructionReg : 1111111111000000  , or 65472  or signed    -64
TempInstr      : 1100000000000000  , or 49152  or signed -16384
StackPointer   : 0000001111111000  , or  1016  or signed   1016
ARegister      : 1101111111111001  , or 57337  or signed  -8199
BRegister      : 1101111111111001  , or 57337  or signed  -8199
CRegister      : 0010000000000111  , or  8199  or signed   8199
DRegister      : 0000000000000000  , or     0  or signed      0
ERegister      : 0000000000000000  , or     0  or signed      0
FRegister      : 0000001111111011  , or  1019  or signed   1019

Total cycles   : 279

Type decimal address to view memory,  q  to quit or  c  to continue:      the location 1023 has value 1110101111100000 , or 60384  or signed  -5152
Type  <Enter>  to continue debugging
Type        q  to quit
Type        f for forward range
Type        b for backward range: Type the number of forward locations to dump:      the location 1024 has value 1111111111111111 , or 65535  or signed     -1
Type decimal address to view memory,  q  to quit or  c  to continue: 
The new PC is  : 0000000000010100


ProgramCounter : 0000000000011011  , or    27  or signed     27
Accumulator    : 0101111111111111  , or 24575  or signed  24575
InstructionReg : 1111111111000000  , or 65472  or signed    -64
TempInstr      : 1100000000000000  , or 49152  or signed -16384
StackPointer   : 0000001111110110  , or  1014  or signed   1014
ARegister      : 0101111111111111  , or 24575  or signed  24575
BRegister      : 0101111111111111  , or 24575  or signed  24575
CRegister      : 1010000000000001  , or 40961  or signed -24575
DRegister      : 0000000000000000  , or     0  or signed      0
ERegister      : 0000000000000000  , or     0  or signed      0
FRegister      : 0000001111111001  , or  1017  or signed   1017

Total cycles   : 376

Type decimal address to view memory,  q  to quit or  c  to continue:      the location 1023 has value 1110101111100000 , or 60384  or signed  -5152
Type  <Enter>  to continue debugging
Type        q  to quit
Type        f for forward range
Type        b for backward range: Type the number of forward locations to dump:      the location 1024 has value 1111111111111111 , or 65535  or signed     -1
Type decimal address to view memory,  q  to quit or  c  to continue: 
The new PC is  : 0000000000011011


ProgramCounter : 0000000000100010  , or    34  or signed     34
Accumulator    : 0000000000000000  , or     0  or signed      0
InstructionReg : 1111111111000000  , or 65472  or signed    -64
TempInstr      : 1100000000000000  , or 49152  or signed -16384
StackPointer   : 0000001111110100  , or  1012  or signed   1012
ARegister      : 0000000000000000  , or     0  or signed      0
BRegister      : 0000000000000000  , or     0  or signed      0
CRegister      : 0000000000000000  , or     0  or signed      0
DRegister      : 0000000000000000  , or     0  or signed      0
ERegister      : 0000000000000000  , or     0  or signed      0
FRegister      : 0000001111110111  , or  1015  or signed   1015

Total cycles   : 473

Type decimal address to view memory,  q  to quit or  c  to continue:      the location 1023 has value 1110101111100000 , or 60384  or signed  -5152
Type  <Enter>  to continue debugging
Type        q  to quit
Type        f for forward range
Type        b for backward range: Type the number of forward locations to dump:      the location 1024 has value 1111111111111111 , or 65535  or signed     -1
Type decimal address to view memory,  q  to quit or  c  to continue: 
The new PC is  : 0000000000100010


ProgramCounter : 0000000000101001  , or    41  or signed     41
Accumulator    : 0001111111111111  , or  8191  or signed   8191
InstructionReg : 1111111111000000  , or 65472  or signed    -64
TempInstr      : 1100000000000000  , or 49152  or signed -16384
StackPointer   : 0000001111110010  , or  1010  or signed   1010
ARegister      : 0001111111111111  , or  8191  or signed   8191
BRegister      : 0001111111111111  , or  8191  or signed   8191
CRegister      : 1110000000000001  , or 57345  or signed  -8191
DRegister      : 0000000000000000  , or     0  or signed      0
ERegister      : 0000000000000000  , or     0  or signed      0
FRegister      : 0000001111110101  , or  1013  or signed   1013

Total cycles   : 570

Type decimal address to view memory,  q  to quit or  c  to continue:      the location 1023 has value 1110101111100000 , or 60384  or signed  -5152
Type  <Enter>  to continue debugging
Type        q  to quit
Type        f for forward range
Type        b for backward range: Type the number of forward locations to dump:      the location 1024 has value 1111111111111111 , or 65535  or signed     -1
Type decimal address to view memory,  q  to quit or  c  to continue: 
The new PC is  : 0000000000101001


ProgramCounter : 0000000000110000  , or    48  or signed     48
Accumulator    : 1101111111111001  , or 57337  or signed  -8199
InstructionReg : 1111111111000000  , or 65472  or signed    -64
TempInstr      : 1100000000000000  , or 49152  or signed -16384
StackPointer   : 0000001111110000  , or  1008  or signed   1008
ARegister      : 1101111111111001  , or 57337  or signed  -8199
BRegister      : 1101111111111001  , or 57337  or signed  -8199
CRegister      : 0010000000000111  , or  8199  or signed   8199
DRegister      : 0000000000000000  , or     0  or signed      0
ERegister      : 0000000000000000  , or     0  or signed      0
FRegister      : 0000001111110011  , or  1011  or signed   1011

Total cycles   : 666

Type decimal address to view memory,  q  to quit or  c  to continue: MIC-1 emulator finishing, goodbye

