
ProgramCounter : 0000000000000011  , or     3  or signed      3
Accumulator    : 0000110101111011  , or  3451  or signed   3451
InstructionReg : 1111111111000000  , or 65472  or signed    -64
TempInstr      : 1100000000000000  , or 49152  or signed -16384
StackPointer   : 0000010000000000  , or  1024  or signed   1024
ARegister      : 0000000000001111  , or    15  or signed     15
BRegister      : 1111111111111111  , or 65535  or signed     -1
CRegister      : 0000000000000000  , or     0  or signed      0
DRegister      : 0000000000000000  , or     0  or signed      0
ERegister      : 0000000000000000  , or     0  or signed      0
FRegister      : 0000000000000000  , or     0  or signed      0

Total cycles   : 41

Type decimal address to view memory,  q  to quit or  c  to continue: 
The new PC is  : 0000000000000011


ProgramCounter : 0000000000000110  , or     6  or signed      6
Accumulator    : 0001000000000000  , or  4096  or signed   4096
InstructionReg : 1111111111000000  , or 65472  or signed    -64
TempInstr      : 1100000000000000  , or 49152  or signed -16384
StackPointer   : 0000010000000000  , or  1024  or signed   1024
ARegister      : 0000000000001111  , or    15  or signed     15
BRegister      : 0000000000000010  , or     2  or signed      2
CRegister      : 0000000000000000  , or     0  or signed      0
DRegister      : 0000000000000000  , or     0  or signed      0
ERegister      : 0000000000000000  , or     0  or signed      0
FRegister      : 0000000000000000  , or     0  or signed      0

Total cycles   : 83

Type decimal address to view memory,  q  to quit or  c  to continue: 
The new PC is  : 0000000000000110


ProgramCounter : 0000000000001001  , or     9  or signed      9
Accumulator    : 0111000000000000  , or 28672  or signed  28672
InstructionReg : 1111111111000000  , or 65472  or signed    -64
TempInstr      : 1100000000000000  , or 49152  or signed -16384
StackPointer   : 0000010000000000  , or  1024  or signed   1024
ARegister      : 0000000000001111  , or    15  or signed     15
BRegister      : 0000000000000110  , or     6  or signed      6
CRegister      : 0000000000000000  , or     0  or signed      0
DRegister      : 0000000000000000  , or     0  or signed      0
ERegister      : 0000000000000000  , or     0  or signed      0
FRegister      : 0000000000000000  , or     0  or signed      0

Total cycles   : 125

Type decimal address to view memory,  q  to quit or  c  to continue: 
The new PC is  : 0000000000001001


ProgramCounter : 0000000000001100  , or    12  or signed     12
Accumulator    : 0100000000000000  , or 16384  or signed  16384
InstructionReg : 1111111111000000  , or 65472  or signed    -64
TempInstr      : 1100000000000000  , or 49152  or signed -16384
StackPointer   : 0000010000000000  , or  1024  or signed   1024
ARegister      : 0000000000001111  , or    15  or signed     15
BRegister      : 0000000000001110  , or    14  or signed     14
CRegister      : 0000000000000000  , or     0  or signed      0
DRegister      : 0000000000000000  , or     0  or signed      0
ERegister      : 0000000000000000  , or     0  or signed      0
FRegister      : 0000000000000000  , or     0  or signed      0

Total cycles   : 167

Type decimal address to view memory,  q  to quit or  c  to continue: 
The new PC is  : 0000000000001100


ProgramCounter : 0000000000001111  , or    15  or signed     15
Accumulator    : 0000000111011000  , or   472  or signed    472
InstructionReg : 1111111111000000  , or 65472  or signed    -64
TempInstr      : 1100000000000000  , or 49152  or signed -16384
StackPointer   : 0000010000000000  , or  1024  or signed   1024
ARegister      : 0000000000001111  , or    15  or signed     15
BRegister      : 0000000000000011  , or     3  or signed      3
CRegister      : 0000000000000000  , or     0  or signed      0
DRegister      : 0000000000000000  , or     0  or signed      0
ERegister      : 0000000000000000  , or     0  or signed      0
FRegister      : 0000000000000000  , or     0  or signed      0

Total cycles   : 209

Type decimal address to view memory,  q  to quit or  c  to continue: 
The new PC is  : 0000000000001111


ProgramCounter : 0000000000010000  , or    16  or signed     16
Accumulator    : 0000000111011000  , or   472  or signed    472
InstructionReg : 1111111111111111  , or 65535  or signed     -1
TempInstr      : 1111111100000000  , or 65280  or signed   -256
StackPointer   : 0000010000000000  , or  1024  or signed   1024
ARegister      : 0000000000001111  , or    15  or signed     15
BRegister      : 0000000000000011  , or     3  or signed      3
CRegister      : 0000000000000000  , or     0  or signed      0
DRegister      : 0000000000000000  , or     0  or signed      0
ERegister      : 0000000000000000  , or     0  or signed      0
FRegister      : 0000000000000000  , or     0  or signed      0

Total cycles   : 222

Type decimal address to view memory,  q  to quit or  c  to continue: MIC-1 emulator finishing, goodbye

